C:\USERS\LEGIONTH\DOCUMENTS\GITHUB\DEVGAME\DEBUG\ACTIONMENU.OBJ
C:\USERS\LEGIONTH\DOCUMENTS\GITHUB\DEVGAME\DEBUG\BUTTON.OBJ
C:\USERS\LEGIONTH\DOCUMENTS\GITHUB\DEVGAME\DEBUG\BUYBUTTON.OBJ
C:\USERS\LEGIONTH\DOCUMENTS\GITHUB\DEVGAME\DEBUG\BUYMENU.OBJ
C:\USERS\LEGIONTH\DOCUMENTS\GITHUB\DEVGAME\DEBUG\CLOSEBUTTON.OBJ
C:\USERS\LEGIONTH\DOCUMENTS\GITHUB\DEVGAME\DEBUG\COMPUTER.OBJ
C:\USERS\LEGIONTH\DOCUMENTS\GITHUB\DEVGAME\DEBUG\COMPUTERMENU.OBJ
C:\USERS\LEGIONTH\DOCUMENTS\GITHUB\DEVGAME\DEBUG\DEVMENU.OBJ
C:\USERS\LEGIONTH\DOCUMENTS\GITHUB\DEVGAME\DEBUG\DRAWABLE.OBJ
C:\USERS\LEGIONTH\DOCUMENTS\GITHUB\DEVGAME\DEBUG\GAME.OBJ
C:\USERS\LEGIONTH\DOCUMENTS\GITHUB\DEVGAME\DEBUG\INVENTORY.OBJ
C:\USERS\LEGIONTH\DOCUMENTS\GITHUB\DEVGAME\DEBUG\ITEM.OBJ
C:\USERS\LEGIONTH\DOCUMENTS\GITHUB\DEVGAME\DEBUG\MAIN.OBJ
C:\USERS\LEGIONTH\DOCUMENTS\GITHUB\DEVGAME\DEBUG\MENU.OBJ
C:\USERS\LEGIONTH\DOCUMENTS\GITHUB\DEVGAME\DEBUG\MENUBUTTON.OBJ
C:\USERS\LEGIONTH\DOCUMENTS\GITHUB\DEVGAME\DEBUG\PLAYER.OBJ
C:\USERS\LEGIONTH\DOCUMENTS\GITHUB\DEVGAME\DEBUG\QUEST.OBJ
C:\USERS\LEGIONTH\DOCUMENTS\GITHUB\DEVGAME\DEBUG\ROOM.OBJ
C:\USERS\LEGIONTH\DOCUMENTS\GITHUB\DEVGAME\DEBUG\ROOMOBJECT.OBJ
C:\USERS\LEGIONTH\DOCUMENTS\GITHUB\DEVGAME\DEBUG\VC110.PDB
C:\USERS\LEGIONTH\DOCUMENTS\GITHUB\DEVGAME\DEBUG\DEVGAME.ILK
C:\USERS\LEGIONTH\DOCUMENTS\GITHUB\DEVGAME\DEBUG\DEVGAME.EXE
C:\USERS\LEGIONTH\DOCUMENTS\GITHUB\DEVGAME\DEBUG\DEVGAME.PDB
C:\Users\legionth\Documents\GitHub\DevGame\Debug\ActionMenu.obj
C:\Users\legionth\Documents\GitHub\DevGame\Debug\Button.obj
C:\Users\legionth\Documents\GitHub\DevGame\Debug\BuyButton.obj
C:\Users\legionth\Documents\GitHub\DevGame\Debug\BuyMenu.obj
C:\Users\legionth\Documents\GitHub\DevGame\Debug\CloseButton.obj
C:\Users\legionth\Documents\GitHub\DevGame\Debug\Computer.obj
C:\Users\legionth\Documents\GitHub\DevGame\Debug\ComputerMenu.obj
C:\Users\legionth\Documents\GitHub\DevGame\Debug\DevMenu.obj
C:\Users\legionth\Documents\GitHub\DevGame\Debug\DrawAble.obj
C:\Users\legionth\Documents\GitHub\DevGame\Debug\Game.obj
C:\Users\legionth\Documents\GitHub\DevGame\Debug\Inventory.obj
C:\Users\legionth\Documents\GitHub\DevGame\Debug\Item.obj
C:\Users\legionth\Documents\GitHub\DevGame\Debug\main.obj
C:\Users\legionth\Documents\GitHub\DevGame\Debug\Menu.obj
C:\Users\legionth\Documents\GitHub\DevGame\Debug\MenuButton.obj
C:\Users\legionth\Documents\GitHub\DevGame\Debug\Player.obj
C:\Users\legionth\Documents\GitHub\DevGame\Debug\Quest.obj
C:\Users\legionth\Documents\GitHub\DevGame\Debug\Room.obj
C:\Users\legionth\Documents\GitHub\DevGame\Debug\RoomObject.obj
C:\Users\legionth\Documents\GitHub\DevGame\Debug\DevGame.ilk
C:\Users\legionth\Documents\GitHub\DevGame\Debug\cl.command.1.tlog
C:\Users\legionth\Documents\GitHub\DevGame\Debug\CL.read.1.tlog
C:\Users\legionth\Documents\GitHub\DevGame\Debug\CL.write.1.tlog
C:\Users\legionth\Documents\GitHub\DevGame\Debug\link-cvtres.read.1.tlog
C:\Users\legionth\Documents\GitHub\DevGame\Debug\link-cvtres.write.1.tlog
C:\Users\legionth\Documents\GitHub\DevGame\Debug\link-rc.read.1.tlog
C:\Users\legionth\Documents\GitHub\DevGame\Debug\link-rc.write.1.tlog
C:\Users\legionth\Documents\GitHub\DevGame\Debug\link.command.1.tlog
C:\Users\legionth\Documents\GitHub\DevGame\Debug\link.read.1.tlog
C:\Users\legionth\Documents\GitHub\DevGame\Debug\link.write.1.tlog
C:\Users\legionth\Documents\GitHub\DevGame\Debug\vc110.idb
C:\Users\legionth\Documents\GitHub\DevGame\Debug\DevGame.pdb
C:\Users\legionth\Documents\GitHub\DevGame\Debug\vc110.pdb
C:\Users\legionth\Documents\GitHub\DevGame\Debug\DevGame.exe
